# JRE version: OpenJDK Runtime Environment (21.0.5) (build 21.0.5+-13047016-b750.29)
# Java VM: OpenJDK 64-Bit Server VM (21.0.5+-13047016-b750.29, mixed mode, tiered, compressed oops, compressed class ptrs, g1 gc, windows-amd64)
GC Precious Log:
 CardTable entry size: 512
 Card Set container configuration: InlinePtr #cards 4 size 8 Array Of Cards #cards 16 size 48 Howl #buckets 8 coarsen threshold 3686 Howl Bitmap #cards 512 size 80 coarsen threshold 460 Card regions per heap region 1 cards per card region 4096
 CPUs: 4 total, 4 available
 Memory: 8058M
 Large Page Support: Disabled
 NUMA Support: Disabled
 Compressed Oops: Enabled (Zero based)
 Heap Region Size: 2M
 Heap Min Capacity: 8M
 Heap Initial Capacity: 126M
 Heap Max Capacity: 4G
 Pre-touch: Disabled
 Parallel Workers: 4
 Concurrent Workers: 1
 Concurrent Refinement Workers: 4
 Periodic GC: Disabled
Heap:
 garbage-first heap   total 937984K, used 477440K [0x0000000700000000, 0x0000000800000000)
  region size 2048K, 5 young (10240K), 5 survivors (10240K)
 Metaspace       used 177523K, committed 179456K, reserved 1245184K
  class space    used 22944K, committed 23872K, reserved 1048576K
GC Heap History (20 events):
Event: 8099.418 GC heap after
{Heap after GC invocations=102 (full 0):
 garbage-first heap   total 772096K, used 292267K [0x0000000700000000, 0x0000000800000000)
  region size 2048K, 10 young (20480K), 10 survivors (20480K)
 Metaspace       used 164837K, committed 166784K, reserved 1245184K
  class space    used 21274K, committed 22208K, reserved 1048576K
}
Event: 8103.413 GC heap before
{Heap before GC invocations=102 (full 0):
 garbage-first heap   total 772096K, used 419243K [0x0000000700000000, 0x0000000800000000)
  region size 2048K, 62 young (126976K), 10 survivors (20480K)
 Metaspace       used 170471K, committed 172416K, reserved 1245184K
  class space    used 21977K, committed 22848K, reserved 1048576K
}
Event: 8103.489 GC heap after
{Heap after GC invocations=103 (full 0):
 garbage-first heap   total 772096K, used 302563K [0x0000000700000000, 0x0000000800000000)
  region size 2048K, 3 young (6144K), 3 survivors (6144K)
 Metaspace       used 170471K, committed 172416K, reserved 1245184K
  class space    used 21977K, committed 22848K, reserved 1048576K
}
Event: 8108.395 GC heap before
{Heap before GC invocations=103 (full 0):
 garbage-first heap   total 772096K, used 499171K [0x0000000700000000, 0x0000000800000000)
  region size 2048K, 99 young (202752K), 3 survivors (6144K)
 Metaspace       used 173524K, committed 175424K, reserved 1245184K
  class space    used 22409K, committed 23296K, reserved 1048576K
}
Event: 8108.437 GC heap after
{Heap after GC invocations=104 (full 0):
 garbage-first heap   total 772096K, used 302129K [0x0000000700000000, 0x0000000800000000)
  region size 2048K, 6 young (12288K), 6 survivors (12288K)
 Metaspace       used 173524K, committed 175424K, reserved 1245184K
  class space    used 22409K, committed 23296K, reserved 1048576K
}
Event: 8110.257 GC heap before
{Heap before GC invocations=104 (full 0):
 garbage-first heap   total 772096K, used 404529K [0x0000000700000000, 0x0000000800000000)
  region size 2048K, 56 young (114688K), 6 survivors (12288K)
 Metaspace       used 173919K, committed 175872K, reserved 1245184K
  class space    used 22444K, committed 23360K, reserved 1048576K
}
Event: 8110.590 GC heap after
{Heap after GC invocations=105 (full 0):
 garbage-first heap   total 772096K, used 300333K [0x0000000700000000, 0x0000000800000000)
  region size 2048K, 3 young (6144K), 3 survivors (6144K)
 Metaspace       used 173919K, committed 175872K, reserved 1245184K
  class space    used 22444K, committed 23360K, reserved 1048576K
}
Event: 8113.356 GC heap before
{Heap before GC invocations=105 (full 0):
 garbage-first heap   total 772096K, used 331053K [0x0000000700000000, 0x0000000800000000)
  region size 2048K, 18 young (36864K), 3 survivors (6144K)
 Metaspace       used 174216K, committed 176320K, reserved 1245184K
  class space    used 22512K, committed 23488K, reserved 1048576K
}
Event: 8113.377 GC heap after
{Heap after GC invocations=106 (full 0):
 garbage-first heap   total 772096K, used 303929K [0x0000000700000000, 0x0000000800000000)
  region size 2048K, 3 young (6144K), 3 survivors (6144K)
 Metaspace       used 174216K, committed 176320K, reserved 1245184K
  class space    used 22512K, committed 23488K, reserved 1048576K
}
Event: 8115.214 GC heap before
{Heap before GC invocations=107 (full 0):
 garbage-first heap   total 772096K, used 334649K [0x0000000700000000, 0x0000000800000000)
  region size 2048K, 18 young (36864K), 3 survivors (6144K)
 Metaspace       used 174356K, committed 176384K, reserved 1245184K
  class space    used 22523K, committed 23488K, reserved 1048576K
}
Event: 8115.228 GC heap after
{Heap after GC invocations=108 (full 0):
 garbage-first heap   total 772096K, used 307112K [0x0000000700000000, 0x0000000800000000)
  region size 2048K, 2 young (4096K), 2 survivors (4096K)
 Metaspace       used 174356K, committed 176384K, reserved 1245184K
  class space    used 22523K, committed 23488K, reserved 1048576K
}
Event: 8128.620 GC heap before
{Heap before GC invocations=108 (full 0):
 garbage-first heap   total 772096K, used 755624K [0x0000000700000000, 0x0000000800000000)
  region size 2048K, 194 young (397312K), 2 survivors (4096K)
 Metaspace       used 176995K, committed 179008K, reserved 1245184K
  class space    used 22879K, committed 23808K, reserved 1048576K
}
Event: 8129.997 GC heap after
{Heap after GC invocations=109 (full 0):
 garbage-first heap   total 905216K, used 449536K [0x0000000700000000, 0x0000000800000000)
  region size 2048K, 25 young (51200K), 25 survivors (51200K)
 Metaspace       used 176995K, committed 179008K, reserved 1245184K
  class space    used 22879K, committed 23808K, reserved 1048576K
}
Event: 8130.496 GC heap before
{Heap before GC invocations=109 (full 0):
 garbage-first heap   total 905216K, used 451584K [0x0000000700000000, 0x0000000800000000)
  region size 2048K, 26 young (53248K), 25 survivors (51200K)
 Metaspace       used 176995K, committed 179008K, reserved 1245184K
  class space    used 22879K, committed 23808K, reserved 1048576K
}
Event: 8130.966 GC heap after
{Heap after GC invocations=110 (full 0):
 garbage-first heap   total 905216K, used 454656K [0x0000000700000000, 0x0000000800000000)
  region size 2048K, 2 young (4096K), 2 survivors (4096K)
 Metaspace       used 176995K, committed 179008K, reserved 1245184K
  class space    used 22879K, committed 23808K, reserved 1048576K
}
Event: 8133.823 GC heap before
{Heap before GC invocations=110 (full 0):
 garbage-first heap   total 905216K, used 493568K [0x0000000700000000, 0x0000000800000000)
  region size 2048K, 22 young (45056K), 2 survivors (4096K)
 Metaspace       used 177037K, committed 179008K, reserved 1245184K
  class space    used 22879K, committed 23808K, reserved 1048576K
}
Event: 8133.857 GC heap after
{Heap after GC invocations=111 (full 0):
 garbage-first heap   total 905216K, used 465920K [0x0000000700000000, 0x0000000800000000)
  region size 2048K, 3 young (6144K), 3 survivors (6144K)
 Metaspace       used 177037K, committed 179008K, reserved 1245184K
  class space    used 22879K, committed 23808K, reserved 1048576K
}
Event: 8137.211 GC heap before
{Heap before GC invocations=112 (full 0):
 garbage-first heap   total 905216K, used 502784K [0x0000000700000000, 0x0000000800000000)
  region size 2048K, 22 young (45056K), 3 survivors (6144K)
 Metaspace       used 177368K, committed 179328K, reserved 1245184K
  class space    used 22922K, committed 23872K, reserved 1048576K
}
Event: 8137.232 GC heap after
{Heap after GC invocations=113 (full 0):
 garbage-first heap   total 905216K, used 473631K [0x0000000700000000, 0x0000000800000000)
  region size 2048K, 3 young (6144K), 3 survivors (6144K)
 Metaspace       used 177368K, committed 179328K, reserved 1245184K
  class space    used 22922K, committed 23872K, reserved 1048576K
}
Event: 8139.226 GC heap before
{Heap before GC invocations=113 (full 0):
 garbage-first heap   total 905216K, used 541215K [0x0000000700000000, 0x0000000800000000)
  region size 2048K, 37 young (75776K), 3 survivors (6144K)
 Metaspace       used 177523K, committed 179456K, reserved 1245184K
  class space    used 22944K, committed 23872K, reserved 1048576K
}

